<?xml version="1.0" encoding="UTF-8"?>
<testsuite name="mockito.TestMailer" tests="1" skipped="0" failures="0" errors="0" timestamp="2020-08-17T12:44:12" hostname="Main" time="1.069">
  <properties/>
  <testcase name="testSendMessageNotCall()" classname="mockito.TestMailer" time="1.069"/>
  <system-out><![CDATA[]]></system-out>
  <system-err><![CDATA[]]></system-err>
</testsuite>
